2020-12-22 07:00:44.736  INFO 6104 --- [main] r.c.SoulCleaner.SoulCleaningSessionTest  : Starting SoulCleaningSessionTest on DESKTOP-CU3L5Q4 with PID 6104 (started by Calin Valentin in C:\Users\Calin Valentin\IdeaProjects\SoulCleaner)
2020-12-22 07:00:44.776  INFO 6104 --- [main] r.c.SoulCleaner.SoulCleaningSessionTest  : No active profile set, falling back to default profiles: default
2020-12-22 07:00:46.465  INFO 6104 --- [main] .s.d.r.c.RepositoryConfigurationDelegate : Bootstrapping Spring Data JPA repositories in DEFERRED mode.
2020-12-22 07:00:46.678  INFO 6104 --- [main] .s.d.r.c.RepositoryConfigurationDelegate : Finished Spring Data repository scanning in 170ms. Found 1 JPA repository interfaces.
2020-12-22 07:00:48.216  INFO 6104 --- [main] o.s.s.concurrent.ThreadPoolTaskExecutor  : Initializing ExecutorService 'applicationTaskExecutor'
2020-12-22 07:00:48.385  INFO 6104 --- [task-1] o.hibernate.jpa.internal.util.LogHelper  : HHH000204: Processing PersistenceUnitInfo [name: default]
2020-12-22 07:00:48.617  INFO 6104 --- [task-1] org.hibernate.Version                    : HHH000412: Hibernate ORM core version 5.4.20.Final
2020-12-22 07:00:49.103  WARN 6104 --- [main] JpaBaseConfiguration$JpaWebConfiguration : spring.jpa.open-in-view is enabled by default. Therefore, database queries may be performed during view rendering. Explicitly configure spring.jpa.open-in-view to disable this warning
2020-12-22 07:00:49.514  INFO 6104 --- [task-1] o.hibernate.annotations.common.Version   : HCANN000001: Hibernate Commons Annotations {5.1.0.Final}
2020-12-22 07:00:50.435  INFO 6104 --- [task-1] com.zaxxer.hikari.HikariDataSource       : HikariPool-1 - Starting...
2020-12-22 07:00:50.576  INFO 6104 --- [main] o.s.b.a.w.s.WelcomePageHandlerMapping    : Adding welcome page template: index
2020-12-22 07:00:50.982  INFO 6104 --- [task-1] com.zaxxer.hikari.HikariDataSource       : HikariPool-1 - Start completed.
2020-12-22 07:00:51.185  INFO 6104 --- [task-1] org.hibernate.dialect.Dialect            : HHH000400: Using dialect: org.hibernate.dialect.MySQL8Dialect
2020-12-22 07:00:51.773  INFO 6104 --- [main] DeferredRepositoryInitializationListener : Triggering deferred initialization of Spring Data repositories…
2020-12-22 07:00:53.309  INFO 6104 --- [task-1] o.h.e.t.j.p.i.JtaPlatformInitiator       : HHH000490: Using JtaPlatform implementation: [org.hibernate.engine.transaction.jta.platform.internal.NoJtaPlatform]
2020-12-22 07:00:53.335  INFO 6104 --- [task-1] j.LocalContainerEntityManagerFactoryBean : Initialized JPA EntityManagerFactory for persistence unit 'default'
2020-12-22 07:00:53.952  INFO 6104 --- [main] DeferredRepositoryInitializationListener : Spring Data repositories initialized!
2020-12-22 07:00:53.968  INFO 6104 --- [main] r.c.SoulCleaner.SoulCleaningSessionTest  : Started SoulCleaningSessionTest in 10.032 seconds (JVM running for 13.325)
2020-12-22 07:00:54.284  INFO 6104 --- [SpringContextShutdownHook] j.LocalContainerEntityManagerFactoryBean : Closing JPA EntityManagerFactory for persistence unit 'default'
2020-12-22 07:00:54.284  INFO 6104 --- [SpringContextShutdownHook] o.s.s.concurrent.ThreadPoolTaskExecutor  : Shutting down ExecutorService 'applicationTaskExecutor'
2020-12-22 07:00:54.284  INFO 6104 --- [SpringContextShutdownHook] com.zaxxer.hikari.HikariDataSource       : HikariPool-1 - Shutdown initiated...
2020-12-22 07:00:54.322  INFO 6104 --- [SpringContextShutdownHook] com.zaxxer.hikari.HikariDataSource       : HikariPool-1 - Shutdown completed.
